<?xml version="1.0" encoding="UTF-8"?>
<!-- Generated by org.testng.reporters.JUnitReportReporter -->
<testsuite hostname="LAPTOP-525OECMM" failures="0" tests="1" name="FetchDataFromExcelSheet.ReadDataFromExcelSheet" time="0.440" errors="0" timestamp="2023-03-27T03:24:19 IST" skipped="0">
  <testcase classname="FetchDataFromExcelSheet.ReadDataFromExcelSheet" name="data" time="0.440"/>
  <system-out/>
</testsuite> <!-- FetchDataFromExcelSheet.ReadDataFromExcelSheet -->
