<?xml version="1.0" encoding="UTF-8"?>
<!-- Generated by org.testng.reporters.JUnitReportReporter -->
<testsuite hostname="LAPTOP-525OECMM" failures="0" tests="5" name="Object_2D_Array_assignment.Facebook_5SetData_Object2D_Execution" time="44.984" errors="0" timestamp="2023-07-13T20:59:55 IST" skipped="0">
  <testcase classname="Object_2D_Array_assignment.Facebook_5SetData_Object2D_Execution" name="setup" time="9.442"/>
  <system-out/>
  <testcase classname="Object_2D_Array_assignment.Facebook_5SetData_Object2D_Execution" name="setup" time="8.612"/>
  <system-out/>
  <testcase classname="Object_2D_Array_assignment.Facebook_5SetData_Object2D_Execution" name="setup" time="8.675"/>
  <system-out/>
  <testcase classname="Object_2D_Array_assignment.Facebook_5SetData_Object2D_Execution" name="setup" time="10.169"/>
  <system-out/>
  <testcase classname="Object_2D_Array_assignment.Facebook_5SetData_Object2D_Execution" name="setup" time="8.086"/>
  <system-out/>
</testsuite> <!-- Object_2D_Array_assignment.Facebook_5SetData_Object2D_Execution -->
