<?xml version="1.0" encoding="UTF-8"?>
<!-- Generated by org.testng.reporters.JUnitReportReporter -->
<testsuite hostname="LAPTOP-525OECMM" failures="0" tests="3" name="Framework_Assignment.ActiTIME_LoginLogout_CrossBrowseTesting" time="51.094" errors="0" timestamp="2023-07-15T16:36:17 IST" skipped="0">
  <testcase classname="Framework_Assignment.ActiTIME_LoginLogout_CrossBrowseTesting" name="loginlogout" time="18.816"/>
  <system-out/>
  <testcase classname="Framework_Assignment.ActiTIME_LoginLogout_CrossBrowseTesting" name="loginlogout" time="13.580"/>
  <system-out/>
  <testcase classname="Framework_Assignment.ActiTIME_LoginLogout_CrossBrowseTesting" name="loginlogout" time="18.698"/>
  <system-out/>
</testsuite> <!-- Framework_Assignment.ActiTIME_LoginLogout_CrossBrowseTesting -->
