<?xml version="1.0" encoding="UTF-8"?>
<!-- Generated by org.testng.reporters.JUnitReportReporter -->
<testsuite hostname="LAPTOP-525OECMM" failures="0" tests="1" name="POM.ActiTIME.Execution.FrameworkExecution" time="15.674" errors="0" timestamp="2023-07-09T20:39:46 IST" skipped="0">
  <testcase classname="POM.ActiTIME.Execution.FrameworkExecution" name="loginlogout" time="15.674"/>
  <system-out/>
</testsuite> <!-- POM.ActiTIME.Execution.FrameworkExecution -->
