<?xml version="1.0" encoding="UTF-8"?>
<!-- Generated by org.testng.reporters.JUnitReportReporter -->
<testsuite hostname="LAPTOP-525OECMM" failures="0" tests="1" name="Framework_Assignment.Facebook_Signup_Framework" time="21.137" errors="0" timestamp="2023-07-15T14:29:14 IST" skipped="0">
  <testcase classname="Framework_Assignment.Facebook_Signup_Framework" name="signup" time="21.137"/>
  <system-out/>
</testsuite> <!-- Framework_Assignment.Facebook_Signup_Framework -->
