<?xml version="1.0" encoding="UTF-8"?>
<!-- Generated by org.testng.reporters.JUnitReportReporter -->
<testsuite hostname="LAPTOP-525OECMM" failures="0" tests="3" name="Object_2D_Array_assignment.FetchDataFrom_JaggedArray" time="0.008" errors="0" timestamp="2023-06-30T00:37:45 IST" skipped="0">
  <testcase classname="Object_2D_Array_assignment.FetchDataFrom_JaggedArray" name="login" time="0.001"/>
  <system-out/>
  <testcase classname="Object_2D_Array_assignment.FetchDataFrom_JaggedArray" name="login" time="0.001"/>
  <system-out/>
  <testcase classname="Object_2D_Array_assignment.FetchDataFrom_JaggedArray" name="login" time="0.006"/>
  <system-out/>
</testsuite> <!-- Object_2D_Array_assignment.FetchDataFrom_JaggedArray -->
