<?xml version="1.0" encoding="UTF-8"?>
<!-- Generated by org.testng.reporters.JUnitReportReporter -->
<testsuite hostname="LAPTOP-525OECMM" failures="0" tests="5" name="String_2D_Array_Assignment.Facebook_3SetData_String2D_Execution" time="32.396" errors="0" timestamp="2023-07-13T19:49:32 IST" skipped="0">
  <testcase classname="String_2D_Array_Assignment.Facebook_3SetData_String2D_Execution" name="setup" time="5.870"/>
  <system-out/>
  <testcase classname="String_2D_Array_Assignment.Facebook_3SetData_String2D_Execution" name="setup" time="7.541"/>
  <system-out/>
  <testcase classname="String_2D_Array_Assignment.Facebook_3SetData_String2D_Execution" name="setup" time="6.927"/>
  <system-out/>
  <testcase classname="String_2D_Array_Assignment.Facebook_3SetData_String2D_Execution" name="setup" time="6.282"/>
  <system-out/>
  <testcase classname="String_2D_Array_Assignment.Facebook_3SetData_String2D_Execution" name="setup" time="5.776"/>
  <system-out/>
</testsuite> <!-- String_2D_Array_Assignment.Facebook_3SetData_String2D_Execution -->
