<?xml version="1.0" encoding="UTF-8"?>
<!-- Generated by org.testng.reporters.JUnitReportReporter -->
<testsuite hostname="LAPTOP-525OECMM" failures="0" tests="1" name="Framework_Assignment.ActiTIME_CreateTypeOfWorkAndLogOut_Framework" time="39.398" errors="0" timestamp="2023-07-15T10:37:46 IST" skipped="0">
  <testcase classname="Framework_Assignment.ActiTIME_CreateTypeOfWorkAndLogOut_Framework" name="TypeOfWork" time="39.398"/>
  <system-out/>
</testsuite> <!-- Framework_Assignment.ActiTIME_CreateTypeOfWorkAndLogOut_Framework -->
