<?xml version="1.0" encoding="UTF-8"?>
<!-- Generated by org.testng.reporters.JUnitReportReporter -->
<testsuite hostname="LAPTOP-525OECMM" failures="0" tests="1" name="Framework_Design_Generic.HighlightElement_Execution" time="12.246" errors="0" timestamp="2023-07-01T14:30:19 IST" skipped="0">
  <testcase classname="Framework_Design_Generic.HighlightElement_Execution" name="hightlight" time="12.246"/>
  <system-out/>
</testsuite> <!-- Framework_Design_Generic.HighlightElement_Execution -->
