<?xml version="1.0" encoding="UTF-8"?>
<!-- Generated by org.testng.reporters.JUnitReportReporter -->
<testsuite hostname="LAPTOP-525OECMM" failures="0" tests="3" name="String_Array.FetchingString_1D_Array" time="28.034" errors="0" timestamp="2023-03-28T00:18:09 IST" skipped="0">
  <testcase classname="String_Array.FetchingString_1D_Array" name="setup" time="8.568"/>
  <system-out/>
  <testcase classname="String_Array.FetchingString_1D_Array" name="setup" time="9.101"/>
  <system-out/>
  <testcase classname="String_Array.FetchingString_1D_Array" name="setup" time="10.365"/>
  <system-out/>
</testsuite> <!-- String_Array.FetchingString_1D_Array -->
