<?xml version="1.0" encoding="UTF-8"?>
<!-- Generated by org.testng.reporters.JUnitReportReporter -->
<testsuite hostname="LAPTOP-525OECMM" failures="0" tests="1" name="Object_2D_Array_assignment.FetchDataFrom_Hashmap" time="0.351" errors="0" timestamp="2023-07-01T18:31:58 IST" skipped="0">
  <testcase classname="Object_2D_Array_assignment.FetchDataFrom_Hashmap" name="login" time="0.351"/>
  <system-out/>
</testsuite> <!-- Object_2D_Array_assignment.FetchDataFrom_Hashmap -->
