<?xml version="1.0" encoding="UTF-8"?>
<!-- Generated by org.testng.reporters.JUnitReportReporter -->
<testsuite hostname="LAPTOP-525OECMM" failures="0" tests="1" name="FetchDataFromExcelSheet.FetchDataFromPropertiesFile" time="10.545" errors="0" timestamp="2023-03-27T21:03:11 IST" skipped="0">
  <testcase classname="FetchDataFromExcelSheet.FetchDataFromPropertiesFile" name="PropertiesFile" time="10.545"/>
  <system-out/>
</testsuite> <!-- FetchDataFromExcelSheet.FetchDataFromPropertiesFile -->
