<?xml version="1.0" encoding="UTF-8"?>
<!-- Generated by org.testng.reporters.JUnitReportReporter -->
<testsuite hostname="LAPTOP-525OECMM" failures="0" tests="5" name="String_Array_Assignment.ActiTIME_LoginUsing_5Credential_String2D" time="78.027" errors="0" timestamp="2023-05-03T17:31:39 IST" skipped="0">
  <testcase classname="String_Array_Assignment.ActiTIME_LoginUsing_5Credential_String2D" name="setup" time="14.398"/>
  <system-out/>
  <testcase classname="String_Array_Assignment.ActiTIME_LoginUsing_5Credential_String2D" name="setup" time="12.570"/>
  <system-out/>
  <testcase classname="String_Array_Assignment.ActiTIME_LoginUsing_5Credential_String2D" name="setup" time="14.022"/>
  <system-out/>
  <testcase classname="String_Array_Assignment.ActiTIME_LoginUsing_5Credential_String2D" name="setup" time="20.463"/>
  <system-out/>
  <testcase classname="String_Array_Assignment.ActiTIME_LoginUsing_5Credential_String2D" name="setup" time="16.574"/>
  <system-out/>
</testsuite> <!-- String_Array_Assignment.ActiTIME_LoginUsing_5Credential_String2D -->
