<?xml version="1.0" encoding="UTF-8"?>
<!-- Generated by org.testng.reporters.JUnitReportReporter -->
<testsuite hostname="LAPTOP-525OECMM" failures="0" tests="5" name="Object_2D_Array_assignment.ActiTIME_5SetCustomer_Object2D_Execution" time="209.681" errors="0" timestamp="2023-07-13T19:00:52 IST" skipped="0">
  <testcase classname="Object_2D_Array_assignment.ActiTIME_5SetCustomer_Object2D_Execution" name="setup" time="34.102"/>
  <system-out/>
  <testcase classname="Object_2D_Array_assignment.ActiTIME_5SetCustomer_Object2D_Execution" name="setup" time="80.061"/>
  <system-out/>
  <testcase classname="Object_2D_Array_assignment.ActiTIME_5SetCustomer_Object2D_Execution" name="setup" time="32.139"/>
  <system-out/>
  <testcase classname="Object_2D_Array_assignment.ActiTIME_5SetCustomer_Object2D_Execution" name="setup" time="31.487"/>
  <system-out/>
  <testcase classname="Object_2D_Array_assignment.ActiTIME_5SetCustomer_Object2D_Execution" name="setup" time="31.892"/>
  <system-out/>
</testsuite> <!-- Object_2D_Array_assignment.ActiTIME_5SetCustomer_Object2D_Execution -->
