<?xml version="1.0" encoding="UTF-8"?>
<!-- Generated by org.testng.reporters.JUnitReportReporter -->
<testsuite hostname="LAPTOP-525OECMM" failures="0" tests="1" name="FetchDataFromExcelSheet.WriteDataIntoExcelsheet" time="1.129" errors="0" timestamp="2023-03-27T19:29:50 IST" skipped="0">
  <testcase classname="FetchDataFromExcelSheet.WriteDataIntoExcelsheet" name="WriteData" time="1.129"/>
  <system-out/>
</testsuite> <!-- FetchDataFromExcelSheet.WriteDataIntoExcelsheet -->
