<?xml version="1.0" encoding="UTF-8"?>
<!-- Generated by org.testng.reporters.JUnitReportReporter -->
<testsuite hostname="LAPTOP-525OECMM" failures="0" tests="3" name="String_Array.FetchingObject_2D_Array_ByUsingSplitMethod" time="27.599" errors="0" timestamp="2023-03-28T02:21:06 IST" skipped="0">
  <testcase classname="String_Array.FetchingObject_2D_Array_ByUsingSplitMethod" name="setup" time="8.176"/>
  <system-out/>
  <testcase classname="String_Array.FetchingObject_2D_Array_ByUsingSplitMethod" name="setup" time="6.840"/>
  <system-out/>
  <testcase classname="String_Array.FetchingObject_2D_Array_ByUsingSplitMethod" name="setup" time="12.583"/>
  <system-out/>
</testsuite> <!-- String_Array.FetchingObject_2D_Array_ByUsingSplitMethod -->
