<?xml version="1.0" encoding="UTF-8"?>
<!-- Generated by org.testng.reporters.JUnitReportReporter -->
<testsuite hostname="LAPTOP-525OECMM" failures="0" tests="5" name="String_2D_Array_Assignment.ActiTIME_5SetCustomer_String2D_Execution" time="169.297" errors="0" timestamp="2023-07-13T16:58:56 IST" skipped="0">
  <testcase classname="String_2D_Array_Assignment.ActiTIME_5SetCustomer_String2D_Execution" name="setup" time="33.522"/>
  <system-out/>
  <testcase classname="String_2D_Array_Assignment.ActiTIME_5SetCustomer_String2D_Execution" name="setup" time="37.127"/>
  <system-out/>
  <testcase classname="String_2D_Array_Assignment.ActiTIME_5SetCustomer_String2D_Execution" name="setup" time="33.560"/>
  <system-out/>
  <testcase classname="String_2D_Array_Assignment.ActiTIME_5SetCustomer_String2D_Execution" name="setup" time="32.868"/>
  <system-out/>
  <testcase classname="String_2D_Array_Assignment.ActiTIME_5SetCustomer_String2D_Execution" name="setup" time="32.220"/>
  <system-out/>
</testsuite> <!-- String_2D_Array_Assignment.ActiTIME_5SetCustomer_String2D_Execution -->
