<?xml version="1.0" encoding="UTF-8"?>
<!-- Generated by org.testng.reporters.JUnitReportReporter -->
<testsuite hostname="LAPTOP-525OECMM" failures="0" tests="3" name="String_Array.FetchingString_2D_Array_ByUsingSplitMethod" time="45.724" errors="0" timestamp="2023-03-28T02:05:50 IST" skipped="0">
  <testcase classname="String_Array.FetchingString_2D_Array_ByUsingSplitMethod" name="setup" time="9.481"/>
  <system-out/>
  <testcase classname="String_Array.FetchingString_2D_Array_ByUsingSplitMethod" name="setup" time="8.529"/>
  <system-out/>
  <testcase classname="String_Array.FetchingString_2D_Array_ByUsingSplitMethod" name="setup" time="27.714"/>
  <system-out/>
</testsuite> <!-- String_Array.FetchingString_2D_Array_ByUsingSplitMethod -->
