<?xml version="1.0" encoding="UTF-8"?>
<!-- Generated by org.testng.reporters.JUnitReportReporter -->
<testsuite hostname="LAPTOP-525OECMM" failures="0" tests="5" name="String_2D_Array_Assignment.ActiTIME_LoginUsing_5Credential_String2D" time="76.803" errors="0" timestamp="2023-07-12T13:13:16 IST" skipped="0">
  <testcase classname="String_2D_Array_Assignment.ActiTIME_LoginUsing_5Credential_String2D" name="setup" time="15.547"/>
  <system-out/>
  <testcase classname="String_2D_Array_Assignment.ActiTIME_LoginUsing_5Credential_String2D" name="setup" time="22.906"/>
  <system-out/>
  <testcase classname="String_2D_Array_Assignment.ActiTIME_LoginUsing_5Credential_String2D" name="setup" time="12.772"/>
  <system-out/>
  <testcase classname="String_2D_Array_Assignment.ActiTIME_LoginUsing_5Credential_String2D" name="setup" time="13.578"/>
  <system-out/>
  <testcase classname="String_2D_Array_Assignment.ActiTIME_LoginUsing_5Credential_String2D" name="setup" time="12.000"/>
  <system-out/>
</testsuite> <!-- String_2D_Array_Assignment.ActiTIME_LoginUsing_5Credential_String2D -->
