<?xml version="1.0" encoding="UTF-8"?>
<!-- Generated by org.testng.reporters.JUnitReportReporter -->
<testsuite hostname="LAPTOP-525OECMM" failures="0" tests="3" name="Framework_Design_Generic.Execution_CrossBrowserTesting" time="38.437" errors="0" timestamp="2023-07-15T15:13:24 IST" skipped="0">
  <testcase classname="Framework_Design_Generic.Execution_CrossBrowserTesting" name="loginlogout" time="13.613"/>
  <system-out/>
  <testcase classname="Framework_Design_Generic.Execution_CrossBrowserTesting" name="loginlogout" time="9.542"/>
  <system-out/>
  <testcase classname="Framework_Design_Generic.Execution_CrossBrowserTesting" name="loginlogout" time="15.282"/>
  <system-out/>
</testsuite> <!-- Framework_Design_Generic.Execution_CrossBrowserTesting -->
