<?xml version="1.0" encoding="UTF-8"?>
<!-- Generated by org.testng.reporters.JUnitReportReporter -->
<testsuite hostname="LAPTOP-525OECMM" failures="0" tests="5" name="Object_2D_Array_assignment.ActiTIME_Login_5Credential" time="75.011" errors="0" timestamp="2023-07-12T21:24:53 IST" skipped="0">
  <testcase classname="Object_2D_Array_assignment.ActiTIME_Login_5Credential" name="setup" time="15.993"/>
  <system-out/>
  <testcase classname="Object_2D_Array_assignment.ActiTIME_Login_5Credential" name="setup" time="20.599"/>
  <system-out/>
  <testcase classname="Object_2D_Array_assignment.ActiTIME_Login_5Credential" name="setup" time="12.463"/>
  <system-out/>
  <testcase classname="Object_2D_Array_assignment.ActiTIME_Login_5Credential" name="setup" time="13.180"/>
  <system-out/>
  <testcase classname="Object_2D_Array_assignment.ActiTIME_Login_5Credential" name="setup" time="12.776"/>
  <system-out/>
</testsuite> <!-- Object_2D_Array_assignment.ActiTIME_Login_5Credential -->
