<?xml version="1.0" encoding="UTF-8"?>
<!-- Generated by org.testng.reporters.JUnitReportReporter -->
<testsuite hostname="LAPTOP-525OECMM" failures="0" tests="1" name="ReadData" time="0.456" errors="0" timestamp="2023-03-27T02:53:06 IST" skipped="0">
  <testcase classname="ReadData" name="data" time="0.456"/>
  <system-out/>
</testsuite> <!-- ReadData -->
