<?xml version="1.0" encoding="UTF-8"?>
<!-- Generated by org.testng.reporters.JUnitReportReporter -->
<testsuite hostname="LAPTOP-525OECMM" failures="0" tests="1" name="Framework_Design_Generic.FrameworkExecution" time="8.401" errors="0" timestamp="2023-07-01T12:44:59 IST" skipped="0">
  <testcase classname="Framework_Design_Generic.FrameworkExecution" name="loginlogout" time="8.401"/>
  <system-out/>
</testsuite> <!-- Framework_Design_Generic.FrameworkExecution -->
