<?xml version="1.0" encoding="UTF-8"?>
<!-- Generated by org.testng.reporters.JUnitReportReporter -->
<testsuite hostname="LAPTOP-525OECMM" failures="0" tests="3" name="Framework_Assignment.ActiTIME_CreateLeaveTypeDeleteLogOut_CrossBrowserTesting" time="108.695" errors="0" timestamp="2023-07-17T22:53:27 IST" skipped="0">
  <testcase classname="Framework_Assignment.ActiTIME_CreateLeaveTypeDeleteLogOut_CrossBrowserTesting" name="customermethod" time="37.262"/>
  <system-out/>
  <testcase classname="Framework_Assignment.ActiTIME_CreateLeaveTypeDeleteLogOut_CrossBrowserTesting" name="customermethod" time="41.519"/>
  <system-out/>
  <testcase classname="Framework_Assignment.ActiTIME_CreateLeaveTypeDeleteLogOut_CrossBrowserTesting" name="customermethod" time="29.914"/>
  <system-out/>
</testsuite> <!-- Framework_Assignment.ActiTIME_CreateLeaveTypeDeleteLogOut_CrossBrowserTesting -->
