<?xml version="1.0" encoding="UTF-8"?>
<!-- Generated by org.testng.reporters.JUnitReportReporter -->
<testsuite hostname="LAPTOP-525OECMM" failures="0" tests="1" name="Framework_Assignment.ActiTIME_CreateCustomerAndLogOut_Framework" time="36.432" errors="0" timestamp="2023-07-14T00:13:33 IST" skipped="0">
  <testcase classname="Framework_Assignment.ActiTIME_CreateCustomerAndLogOut_Framework" name="CreateCustomer" time="36.432"/>
  <system-out/>
</testsuite> <!-- Framework_Assignment.ActiTIME_CreateCustomerAndLogOut_Framework -->
